<html>
<body>
<pre>
<h1>Vision Build Log</h1>
<h2>Tool Versions:</h2>
IDE-Version: μVision V5.14.0.0
Copyright (C) 2015 ARM Ltd and ARM Germany GmbH. All rights reserved.
License Information: 123 123, 123, LIC=IC963-A4HHS-24CSS-LCJE8-LX2RI-I4U5F
 
Tool Versions:
Toolchain:       MDK-ARM Professional  Version: 5.14.0.0
Toolchain Path:  C:\Program Files (x86)\Keil\ARM\ARMCC\Bin
C Compiler:      Armcc.exe V5.05 update 1 (build 106)
Assembler:       Armasm.exe V5.05 update 1 (build 106)
Linker/Locator:  ArmLink.exe V5.05 update 1 (build 106)
Library Manager: ArmAr.exe V5.05 update 1 (build 106)
Hex Converter:   FromElf.exe V5.05 update 1 (build 106)
CPU DLL:         SARMCM3.DLL V5.14.0.0
Dialog DLL:      DCM.DLL V1.13.1.0
Target DLL:      STLink\ST-LINKIII-KEIL_SWO.dll V2.0.14.0_KEIL
Dialog DLL:      TCM.DLL V1.14.4.0
 
<h2>Project:</h2>
D:\ATIME\docs\GitHub\OTHERS\STM32F407\5.8通道16位同步ADC spi模式例程\Project\MDK-ARM(uV4)\project.uvprojx
Project File Date:  06/08/2017

<h2>Output:</h2>
Build target 'Flash'
compiling main.c...
..\..\Libraries\CMSIS\Device\ST\STM32F4xx\Include\stm32f4xx.h(88): warning:  #47-D: incompatible redefinition of macro "STM32F40_41xxx"
    #define STM32F40_41xxx  
..\..\User\bsp_stm32f4xx\inc\bsp_ad7606.h(68): error:  #147: declaration is incompatible with "AD7606_T g_tAD7606" (declared at line 42 of "..\..\User\bsp_stm32f4xx\inc\bsp_spi_ad7606.h")
  extern AD7606_VAR_T g_tAD7606;
..\..\User\main.c: 1 warning, 1 error
compiling demo_spi_ad7606.c...
..\..\Libraries\CMSIS\Device\ST\STM32F4xx\Include\stm32f4xx.h(88): warning:  #47-D: incompatible redefinition of macro "STM32F40_41xxx"
    #define STM32F40_41xxx  
..\..\User\bsp_stm32f4xx\inc\bsp_ad7606.h(68): error:  #147: declaration is incompatible with "AD7606_T g_tAD7606" (declared at line 42 of "..\..\User\bsp_stm32f4xx\inc\bsp_spi_ad7606.h")
  extern AD7606_VAR_T g_tAD7606;
..\..\User\demo_spi_ad7606.c: 1 warning, 1 error
compiling bsp_key.c...
..\..\Libraries\CMSIS\Device\ST\STM32F4xx\Include\stm32f4xx.h(88): warning:  #47-D: incompatible redefinition of macro "STM32F40_41xxx"
    #define STM32F40_41xxx  
..\..\User\bsp_stm32f4xx\inc\bsp_ad7606.h(68): error:  #147: declaration is incompatible with "AD7606_T g_tAD7606" (declared at line 42 of "..\..\User\bsp_stm32f4xx\inc\bsp_spi_ad7606.h")
  extern AD7606_VAR_T g_tAD7606;
..\..\User\bsp_stm32f4xx\src\bsp_key.c: 1 warning, 1 error
compiling bsp_led.c...
..\..\Libraries\CMSIS\Device\ST\STM32F4xx\Include\stm32f4xx.h(88): warning:  #47-D: incompatible redefinition of macro "STM32F40_41xxx"
    #define STM32F40_41xxx  
..\..\User\bsp_stm32f4xx\inc\bsp_ad7606.h(68): error:  #147: declaration is incompatible with "AD7606_T g_tAD7606" (declared at line 42 of "..\..\User\bsp_stm32f4xx\inc\bsp_spi_ad7606.h")
  extern AD7606_VAR_T g_tAD7606;
..\..\User\bsp_stm32f4xx\src\bsp_led.c: 1 warning, 1 error
compiling bsp_timer.c...
..\..\Libraries\CMSIS\Device\ST\STM32F4xx\Include\stm32f4xx.h(88): warning:  #47-D: incompatible redefinition of macro "STM32F40_41xxx"
    #define STM32F40_41xxx  
..\..\User\bsp_stm32f4xx\inc\bsp_ad7606.h(68): error:  #147: declaration is incompatible with "AD7606_T g_tAD7606" (declared at line 42 of "..\..\User\bsp_stm32f4xx\inc\bsp_spi_ad7606.h")
  extern AD7606_VAR_T g_tAD7606;
..\..\User\bsp_stm32f4xx\src\bsp_timer.c: 1 warning, 1 error
compiling bsp_uart_fifo.c...
..\..\Libraries\CMSIS\Device\ST\STM32F4xx\Include\stm32f4xx.h(88): warning:  #47-D: incompatible redefinition of macro "STM32F40_41xxx"
    #define STM32F40_41xxx  
..\..\User\bsp_stm32f4xx\inc\bsp_ad7606.h(68): error:  #147: declaration is incompatible with "AD7606_T g_tAD7606" (declared at line 42 of "..\..\User\bsp_stm32f4xx\inc\bsp_spi_ad7606.h")
  extern AD7606_VAR_T g_tAD7606;
..\..\User\bsp_stm32f4xx\src\bsp_uart_fifo.c: 1 warning, 1 error
compiling bsp.c...
..\..\Libraries\CMSIS\Device\ST\STM32F4xx\Include\stm32f4xx.h(88): warning:  #47-D: incompatible redefinition of macro "STM32F40_41xxx"
    #define STM32F40_41xxx  
..\..\User\bsp_stm32f4xx\inc\bsp_ad7606.h(68): error:  #147: declaration is incompatible with "AD7606_T g_tAD7606" (declared at line 42 of "..\..\User\bsp_stm32f4xx\inc\bsp_spi_ad7606.h")
  extern AD7606_VAR_T g_tAD7606;
..\..\User\bsp_stm32f4xx\bsp.c: 1 warning, 1 error
compiling bsp_spi_bus.c...
..\..\Libraries\CMSIS\Device\ST\STM32F4xx\Include\stm32f4xx.h(88): warning:  #47-D: incompatible redefinition of macro "STM32F40_41xxx"
    #define STM32F40_41xxx  
..\..\User\bsp_stm32f4xx\inc\bsp_ad7606.h(68): error:  #147: declaration is incompatible with "AD7606_T g_tAD7606" (declared at line 42 of "..\..\User\bsp_stm32f4xx\inc\bsp_spi_ad7606.h")
  extern AD7606_VAR_T g_tAD7606;
..\..\User\bsp_stm32f4xx\src\bsp_spi_bus.c: 1 warning, 1 error
compiling bsp_spi_ad7606.c...
..\..\Libraries\CMSIS\Device\ST\STM32F4xx\Include\stm32f4xx.h(88): warning:  #47-D: incompatible redefinition of macro "STM32F40_41xxx"
    #define STM32F40_41xxx  
..\..\User\bsp_stm32f4xx\inc\bsp_ad7606.h(68): error:  #147: declaration is incompatible with "AD7606_T g_tAD7606" (declared at line 42 of "..\..\User\bsp_stm32f4xx\inc\bsp_spi_ad7606.h")
  extern AD7606_VAR_T g_tAD7606;
..\..\User\bsp_stm32f4xx\src\bsp_spi_ad7606.c: 1 warning, 1 error
".\Flash\Obj\output.axf" - 9 Error(s), 9 Warning(s).

<h2>Collection of Component include folders:</h2>
  D:\ATIME\docs\GitHub\OTHERS\STM32F407\5.8通道16位同步ADC spi模式例程\Project\MDK-ARM(uV4)\RTE
  C:\Program Files (x86)\Keil\ARM\PACK\Keil\STM32F4xx_DFP\1.0.8\Device\Include

<h2>Collection of Component Files used:</h2>
Target not created.
</pre>
</body>
</html>
